<?xml version="1.0" encoding="UTF-8"?>
<!-- Generated by org.testng.reporters.JUnitReportReporter -->
<testsuite hostname="HN-SD-0145-WK" name="com.guru.login.CreateNewAccount" tests="1" failures="0" timestamp="29 Aug 2018 09:16:21 GMT" time="20.647" errors="0">
  <testcase name="createNewAccount" time="20.647" classname="com.guru.login.CreateNewAccount"/>
</testsuite> <!-- com.guru.login.CreateNewAccount -->
